0 info it worked if it ends with ok
1 verbose cli [ '/home/rjmill/.nvm/versions/node/v6.7.0/bin/node',
1 verbose cli   '/home/rjmill/.nvm/versions/node/v6.7.0/bin/npm',
1 verbose cli   'start' ]
2 info using npm@3.10.3
3 info using node@v6.7.0
4 verbose run-script [ 'prestart', 'start', 'poststart' ]
5 info lifecycle all-day-test@1.0.0~prestart: all-day-test@1.0.0
6 silly lifecycle all-day-test@1.0.0~prestart: no script for prestart, continuing
7 info lifecycle all-day-test@1.0.0~start: all-day-test@1.0.0
8 verbose lifecycle all-day-test@1.0.0~start: unsafe-perm in lifecycle true
9 verbose lifecycle all-day-test@1.0.0~start: PATH: /home/rjmill/.nvm/versions/node/v6.7.0/lib/node_modules/npm/bin/node-gyp-bin:/home/rjmill/Development/all-day-test/node_modules/.bin:/home/rjmill/.nvm/versions/node/v6.7.0/bin:/home/rjmill/.install/hla:/home/rjmill/bin:/home/rjmill/.nvm/versions/node/v6.7.0/bin:/home/rjmill/bin:/usr/local/sbin:/usr/local/bin:/usr/bin:/usr/lib/jvm/default/bin:/usr/bin/site_perl:/usr/bin/vendor_perl:/usr/bin/core_perl:/home/rjmill/.install/hla:/home/rjmill/bin:/home/rjmill/bin:/usr/local/sbin:/usr/local/bin:/usr/bin:/usr/lib/jvm/default/bin:/usr/bin/site_perl:/usr/bin/vendor_perl:/usr/bin/core_perl:/usr/local/sbin:/usr/local/bin:/usr/bin:/opt/android-sdk/platform-tools:/opt/android-sdk/tools:/usr/lib/jvm/default/bin:/usr/bin/site_perl:/usr/bin/vendor_perl:/usr/bin/core_perl
10 verbose lifecycle all-day-test@1.0.0~start: CWD: /home/rjmill/Development/all-day-test
11 silly lifecycle all-day-test@1.0.0~start: Args: [ '-c', 'node app/app.js' ]
12 silly lifecycle all-day-test@1.0.0~start: Returned: code: 1  signal: null
13 info lifecycle all-day-test@1.0.0~start: Failed to exec start script
14 verbose stack Error: all-day-test@1.0.0 start: `node app/app.js`
14 verbose stack Exit status 1
14 verbose stack     at EventEmitter.<anonymous> (/home/rjmill/.nvm/versions/node/v6.7.0/lib/node_modules/npm/lib/utils/lifecycle.js:242:16)
14 verbose stack     at emitTwo (events.js:106:13)
14 verbose stack     at EventEmitter.emit (events.js:191:7)
14 verbose stack     at ChildProcess.<anonymous> (/home/rjmill/.nvm/versions/node/v6.7.0/lib/node_modules/npm/lib/utils/spawn.js:40:14)
14 verbose stack     at emitTwo (events.js:106:13)
14 verbose stack     at ChildProcess.emit (events.js:191:7)
14 verbose stack     at maybeClose (internal/child_process.js:877:16)
14 verbose stack     at Process.ChildProcess._handle.onexit (internal/child_process.js:226:5)
15 verbose pkgid all-day-test@1.0.0
16 verbose cwd /home/rjmill/Development/all-day-test
17 error Linux 4.8.6-1-ARCH
18 error argv "/home/rjmill/.nvm/versions/node/v6.7.0/bin/node" "/home/rjmill/.nvm/versions/node/v6.7.0/bin/npm" "start"
19 error node v6.7.0
20 error npm  v3.10.3
21 error code ELIFECYCLE
22 error all-day-test@1.0.0 start: `node app/app.js`
22 error Exit status 1
23 error Failed at the all-day-test@1.0.0 start script 'node app/app.js'.
23 error Make sure you have the latest version of node.js and npm installed.
23 error If you do, this is most likely a problem with the all-day-test package,
23 error not with npm itself.
23 error Tell the author that this fails on your system:
23 error     node app/app.js
23 error You can get information on how to open an issue for this project with:
23 error     npm bugs all-day-test
23 error Or if that isn't available, you can get their info via:
23 error     npm owner ls all-day-test
23 error There is likely additional logging output above.
24 verbose exit [ 1, true ]
